0 info it worked if it ends with ok
1 verbose cli [ '/Users/sharif/Documents/workspace/is/ebi-test/src/main/resources/frontend-ebi/node/node',
1 verbose cli   '/Users/sharif/Documents/workspace/is/ebi-test/src/main/resources/frontend-ebi/node/node_modules/npm/bin/npm-cli.js',
1 verbose cli   'run',
1 verbose cli   'build' ]
2 info using npm@4.1.2
3 info using node@v7.5.0
4 verbose run-script [ 'prebuild', 'build', 'postbuild' ]
5 info lifecycle frontend-ebi@0.0.0~prebuild: frontend-ebi@0.0.0
6 silly lifecycle frontend-ebi@0.0.0~prebuild: no script for prebuild, continuing
7 info lifecycle frontend-ebi@0.0.0~build: frontend-ebi@0.0.0
8 verbose lifecycle frontend-ebi@0.0.0~build: unsafe-perm in lifecycle true
9 verbose lifecycle frontend-ebi@0.0.0~build: PATH: /Users/sharif/Documents/workspace/is/ebi-test/src/main/resources/frontend-ebi/node/node_modules/npm/bin/node-gyp-bin:/Users/sharif/Documents/workspace/is/ebi-test/src/main/resources/frontend-ebi/node_modules/.bin:/Users/sharif/Documents/workspace/is/ebi-test/src/main/resources/frontend-ebi/node:/usr/bin:/bin:/usr/sbin:/sbin:
10 verbose lifecycle frontend-ebi@0.0.0~build: CWD: /Users/sharif/Documents/workspace/is/ebi-test/src/main/resources/frontend-ebi
11 silly lifecycle frontend-ebi@0.0.0~build: Args: [ '-c', 'ng build' ]
12 silly lifecycle frontend-ebi@0.0.0~build: Returned: code: 1  signal: null
13 info lifecycle frontend-ebi@0.0.0~build: Failed to exec build script
14 verbose stack Error: frontend-ebi@0.0.0 build: `ng build`
14 verbose stack Exit status 1
14 verbose stack     at EventEmitter.<anonymous> (/Users/sharif/Documents/workspace/is/ebi-test/src/main/resources/frontend-ebi/node/node_modules/npm/lib/utils/lifecycle.js:279:16)
14 verbose stack     at emitTwo (events.js:106:13)
14 verbose stack     at EventEmitter.emit (events.js:192:7)
14 verbose stack     at ChildProcess.<anonymous> (/Users/sharif/Documents/workspace/is/ebi-test/src/main/resources/frontend-ebi/node/node_modules/npm/lib/utils/spawn.js:40:14)
14 verbose stack     at emitTwo (events.js:106:13)
14 verbose stack     at ChildProcess.emit (events.js:192:7)
14 verbose stack     at maybeClose (internal/child_process.js:890:16)
14 verbose stack     at Process.ChildProcess._handle.onexit (internal/child_process.js:226:5)
15 verbose pkgid frontend-ebi@0.0.0
16 verbose cwd /Users/sharif/Documents/workspace/is/ebi-test/src/main/resources/frontend-ebi
17 error Darwin 16.6.0
18 error argv "/Users/sharif/Documents/workspace/is/ebi-test/src/main/resources/frontend-ebi/node/node" "/Users/sharif/Documents/workspace/is/ebi-test/src/main/resources/frontend-ebi/node/node_modules/npm/bin/npm-cli.js" "run" "build"
19 error node v7.5.0
20 error npm  v4.1.2
21 error code ELIFECYCLE
22 error frontend-ebi@0.0.0 build: `ng build`
22 error Exit status 1
23 error Failed at the frontend-ebi@0.0.0 build script 'ng build'.
23 error Make sure you have the latest version of node.js and npm installed.
23 error If you do, this is most likely a problem with the frontend-ebi package,
23 error not with npm itself.
23 error Tell the author that this fails on your system:
23 error     ng build
23 error You can get information on how to open an issue for this project with:
23 error     npm bugs frontend-ebi
23 error Or if that isn't available, you can get their info via:
23 error     npm owner ls frontend-ebi
23 error There is likely additional logging output above.
24 verbose exit [ 1, true ]
